TN:
SF:01-requestcount.js
FNF:0
FNH:0
DA:1,1
DA:2,1
DA:3,1
DA:4,1
DA:5,1
DA:6,1
DA:7,1
DA:8,1
DA:9,1
DA:10,1
DA:11,1
DA:12,1
DA:13,1
DA:14,1
DA:15,1
DA:16,0
DA:17,1
DA:18,1
DA:19,1
DA:20,0
DA:21,1
DA:22,1
DA:23,1
DA:24,1
DA:25,1
DA:26,1
DA:27,1
LF:27
LH:25
BRDA:11,0,0,1
BRDA:23,1,0,1
BRF:2
BRH:2
end_of_record
TN:
SF:02-ratelimitter.js
FNF:0
FNH:0
DA:1,1
DA:2,1
DA:3,1
DA:4,1
DA:5,1
DA:6,1
DA:7,1
DA:8,1
DA:9,1
DA:10,1
DA:11,1
DA:12,1
DA:13,1
DA:14,2
DA:15,1
DA:16,1
DA:17,13
DA:18,13
DA:19,11
DA:20,11
DA:21,5
DA:22,5
DA:23,5
DA:24,5
DA:25,11
DA:26,2
DA:27,2
DA:28,2
DA:29,2
DA:30,13
DA:31,1
DA:32,7
DA:33,1
DA:34,1
DA:35,1
DA:36,0
DA:37,1
DA:38,1
DA:39,1
LF:39
LH:38
BRDA:13,0,0,2
BRDA:16,1,0,13
BRDA:18,2,0,11
BRDA:20,3,0,6
BRDA:21,4,0,5
BRDA:26,5,0,2
BRDA:31,6,0,7
BRF:7
BRH:7
end_of_record
TN:
SF:03-errorcount.js
FNF:0
FNH:0
DA:1,1
DA:2,1
DA:3,1
DA:4,1
DA:5,1
DA:6,1
DA:7,1
DA:8,1
DA:9,1
DA:10,1
DA:11,1
DA:12,1
DA:13,1
DA:14,11
DA:15,11
DA:16,11
DA:17,11
DA:18,11
DA:19,11
DA:20,11
DA:21,11
DA:22,1
DA:23,1
DA:24,1
DA:25,0
DA:26,1
DA:27,1
DA:28,1
DA:29,2
DA:30,1
DA:31,1
DA:32,0
DA:33,0
DA:34,1
DA:35,1
LF:35
LH:32
BRDA:13,0,0,11
BRDA:28,1,0,2
BRF:2
BRH:2
end_of_record
